Apr 30 21:51:30:INFO:install_data:main() BEGIN

Apr 30 21:51:30:INFO:install_data:registersighandle() Signal with code '15' is registered.
Apr 30 21:51:30:INFO:install_data:registersighandle() Signal with code '1' is registered.
Apr 30 21:51:30:INFO:install_data:ingest() Allocating 240 bytes of shared memory.

Apr 30 21:51:30:INFO:install_data:ingest() Connecting to shared memory using key 26649
Apr 30 21:51:30:INFO:install_data:ingest() Clearing current bytes (setting to zeros).

Apr 30 21:51:30:INFO:install_data:ingest() Ingesting 'ultratest.in' into memory block.

Apr 30 21:51:30:INFO:install_data:parse() Parsed tuple --> index:0 x:40.00, y:20.00, inc:1

Apr 30 21:51:30:INFO:install_data:parse() Parsed tuple --> index:1 x:30.00, y:26.00, inc:0

Apr 30 21:51:30:INFO:install_data:parse() Parsed tuple --> index:3 x:15.40, y:0.00, inc:3

Apr 30 21:51:30:INFO:install_data:parse() Parsed tuple --> index:2 x:0.00, y:4.00, inc:2

Apr 30 21:51:30:INFO:install_data:parse() Parsed tuple --> index:1 x:0.00, y:0.00, inc:-1

Apr 30 21:51:30:INFO:install_data:parse() Parsed tuple --> index:3 x:0.00, y:0.00, inc:-1

Apr 30 21:51:30:INFO:install_data:parse() Parsed tuple --> index:2 x:0.00, y:0.00, inc:-1

Apr 30 21:51:30:INFO:install_data:parse() Parsed tuple --> index:0 x:0.00, y:0.00, inc:-1

Apr 30 21:51:30:INFO:install_data:parse() Parsed tuple --> index:19 x:99.00, y:-10.00, inc:2

Apr 30 21:51:30:INFO:install_data:parse() Parsed tuple --> index:18 x:-15.00, y:-2.50, inc:1

Apr 30 21:51:30:INFO:install_data:parse() Parsed tuple --> index:20 x:5.00, y:4.00, inc:4

Apr 30 21:51:30:WARNING:install_data:parse() Index of '20' out of range (0-19). Not installing.

Apr 30 21:51:30:INFO:install_data:parse() Parsed tuple --> index:2 x:0.00, y:4.00, inc:2

Apr 30 21:51:30:WARNING:install_data:install() Skipping empty lines.

Apr 30 21:51:30:INFO:install_data:parse() Parsed tuple --> index:0 x:40.00, y:20.00, inc:1

Apr 30 21:51:30:INFO:install_data:parse() Parsed tuple --> index:1 x:30.00, y:26.00, inc:0

Apr 30 21:51:30:INFO:install_data:parse() Parsed tuple --> index:3 x:15.40, y:0.00, inc:3

Apr 30 21:51:30:INFO:install_data:parse() Parsed tuple --> index:2 x:0.00, y:4.00, inc:2

Apr 30 21:51:30:INFO:install_data:parse() Parsed tuple --> index:1 x:0.00, y:0.00, inc:-1

Apr 30 21:51:30:INFO:install_data:parse() Parsed tuple --> index:3 x:0.00, y:0.00, inc:-1

Apr 30 21:51:30:INFO:install_data:parse() Parsed tuple --> index:2 x:0.00, y:0.00, inc:-1

Apr 30 21:51:30:INFO:install_data:parse() Parsed tuple --> index:0 x:0.00, y:0.00, inc:-1

Apr 30 21:51:30:INFO:install_data:parse() Parsed tuple --> index:19 x:99.00, y:-10.00, inc:2

Apr 30 21:51:30:INFO:install_data:parse() Parsed tuple --> index:18 x:-15.00, y:-2.50, inc:1

Apr 30 21:51:30:INFO:install_data:parse() Parsed tuple --> index:20 x:5.00, y:4.00, inc:4

Apr 30 21:51:30:WARNING:install_data:parse() Index of '20' out of range (0-19). Not installing.

Apr 30 21:51:30:INFO:install_data:parse() Parsed tuple --> index:2 x:0.00, y:4.00, inc:2

Apr 30 21:51:30:WARNING:install_data:install() Skipping empty lines.

Apr 30 21:51:30:INFO:install_data:install() tuple_inc -> 1
Apr 30 21:51:30:INFO:install_data:install() Increment time is non-negative. Installing in 1 secs

Apr 30 21:51:31:INFO:install_data:install() Installed block --> [0](x, y, is_valid): 40.00, 20.00, 1

Apr 30 21:51:31:INFO:install_data:install() tuple_inc -> 0
Apr 30 21:51:31:INFO:install_data:install() Increment time is non-negative. Installing in 0 secs

Apr 30 21:51:31:INFO:install_data:install() Installed block --> [1](x, y, is_valid): 30.00, 26.00, 1

Apr 30 21:51:31:INFO:install_data:install() tuple_inc -> 3
Apr 30 21:51:31:INFO:install_data:install() Increment time is non-negative. Installing in 3 secs

Apr 30 21:51:34:INFO:install_data:install() Installed block --> [3](x, y, is_valid): 15.40, 0.00, 1

Apr 30 21:51:34:INFO:install_data:install() tuple_inc -> 2
Apr 30 21:51:34:INFO:install_data:install() Increment time is non-negative. Installing in 2 secs

Apr 30 21:51:36:INFO:install_data:install() Installed block --> [2](x, y, is_valid): 0.00, 4.00, 1

Apr 30 21:51:36:INFO:install_data:install() tuple_inc -> -1
Apr 30 21:51:36:INFO:install_data:install() Increment time is negative (invalid). Sleeping for 1 secs

Apr 30 21:51:37:INFO:install_data:install() Did not install block (invalid). Set is_valid to 0 at [1]

Apr 30 21:51:37:INFO:install_data:install() tuple_inc -> -1
Apr 30 21:51:37:INFO:install_data:install() Increment time is negative (invalid). Sleeping for 1 secs

Apr 30 21:51:38:INFO:install_data:install() Did not install block (invalid). Set is_valid to 0 at [3]

Apr 30 21:51:38:INFO:install_data:install() tuple_inc -> -1
Apr 30 21:51:38:INFO:install_data:install() Increment time is negative (invalid). Sleeping for 1 secs

Apr 30 21:51:39:INFO:install_data:install() Did not install block (invalid). Set is_valid to 0 at [2]

Apr 30 21:51:39:INFO:install_data:install() tuple_inc -> -1
Apr 30 21:51:39:INFO:install_data:install() Increment time is negative (invalid). Sleeping for 1 secs

Apr 30 21:51:40:INFO:install_data:install() Did not install block (invalid). Set is_valid to 0 at [0]

Apr 30 21:51:40:INFO:install_data:install() tuple_inc -> 2
Apr 30 21:51:40:INFO:install_data:install() Increment time is non-negative. Installing in 2 secs

Apr 30 21:51:42:INFO:install_data:install() Installed block --> [19](x, y, is_valid): 99.00, -10.00, 1

Apr 30 21:51:42:INFO:install_data:install() tuple_inc -> 1
Apr 30 21:51:42:INFO:install_data:install() Increment time is non-negative. Installing in 1 secs

Apr 30 21:51:43:INFO:install_data:install() Installed block --> [18](x, y, is_valid): -15.00, -2.50, 1

Apr 30 21:51:43:INFO:install_data:install() tuple_inc -> 2
Apr 30 21:51:43:INFO:install_data:install() Increment time is non-negative. Installing in 2 secs

Apr 30 21:51:45:INFO:install_data:install() Installed block --> [2](x, y, is_valid): 0.00, 4.00, 1

Apr 30 21:51:45:INFO:install_data:install() tuple_inc -> 1
Apr 30 21:51:45:INFO:install_data:install() Increment time is non-negative. Installing in 1 secs

Apr 30 21:51:46:INFO:install_data:install() Installed block --> [0](x, y, is_valid): 40.00, 20.00, 1

Apr 30 21:51:46:INFO:install_data:install() tuple_inc -> 0
Apr 30 21:51:46:INFO:install_data:install() Increment time is non-negative. Installing in 0 secs

Apr 30 21:51:46:INFO:install_data:install() Installed block --> [1](x, y, is_valid): 30.00, 26.00, 1

Apr 30 21:51:46:INFO:install_data:install() tuple_inc -> 3
Apr 30 21:51:46:INFO:install_data:install() Increment time is non-negative. Installing in 3 secs

Apr 30 21:51:49:INFO:install_data:install() Installed block --> [3](x, y, is_valid): 15.40, 0.00, 1

Apr 30 21:51:49:INFO:install_data:install() tuple_inc -> 2
Apr 30 21:51:49:INFO:install_data:install() Increment time is non-negative. Installing in 2 secs

Apr 30 21:51:51:INFO:install_data:install() Installed block --> [2](x, y, is_valid): 0.00, 4.00, 1

Apr 30 21:51:51:INFO:install_data:install() tuple_inc -> -1
Apr 30 21:51:51:INFO:install_data:install() Increment time is negative (invalid). Sleeping for 1 secs

Apr 30 21:51:52:INFO:install_data:install() Did not install block (invalid). Set is_valid to 0 at [1]

Apr 30 21:51:52:INFO:install_data:install() tuple_inc -> -1
Apr 30 21:51:52:INFO:install_data:install() Increment time is negative (invalid). Sleeping for 1 secs

Apr 30 21:51:53:INFO:install_data:install() Did not install block (invalid). Set is_valid to 0 at [3]

Apr 30 21:51:53:INFO:install_data:install() tuple_inc -> -1
Apr 30 21:51:53:INFO:install_data:install() Increment time is negative (invalid). Sleeping for 1 secs

Apr 30 21:51:54:INFO:install_data:install() Did not install block (invalid). Set is_valid to 0 at [2]

Apr 30 21:51:54:INFO:install_data:install() tuple_inc -> -1
Apr 30 21:51:54:INFO:install_data:install() Increment time is negative (invalid). Sleeping for 1 secs

Apr 30 21:51:55:INFO:install_data:install() Did not install block (invalid). Set is_valid to 0 at [0]

Apr 30 21:51:55:INFO:install_data:install() tuple_inc -> 2
Apr 30 21:51:55:INFO:install_data:install() Increment time is non-negative. Installing in 2 secs

Apr 30 21:51:57:INFO:install_data:install() Installed block --> [19](x, y, is_valid): 99.00, -10.00, 1

Apr 30 21:51:57:INFO:install_data:install() tuple_inc -> 1
Apr 30 21:51:57:INFO:install_data:install() Increment time is non-negative. Installing in 1 secs

Apr 30 21:51:58:INFO:install_data:install() Installed block --> [18](x, y, is_valid): -15.00, -2.50, 1

Apr 30 21:51:58:INFO:install_data:install() tuple_inc -> 2
Apr 30 21:51:58:INFO:install_data:install() Increment time is non-negative. Installing in 2 secs

Apr 30 21:51:59:INFO:install_data:main() BEGIN

Apr 30 21:51:59:INFO:install_data:registersighandle() Signal with code '15' is registered.
Apr 30 21:51:59:INFO:install_data:registersighandle() Signal with code '1' is registered.
Apr 30 21:51:59:INFO:install_data:ingest() Allocating 240 bytes of shared memory.

Apr 30 21:51:59:INFO:install_data:ingest() Connecting to shared memory using key 26649
Apr 30 21:51:59:INFO:install_data:ingest() Clearing current bytes (setting to zeros).

Apr 30 21:51:59:INFO:install_data:ingest() Ingesting 'ultraultratest.in' into memory block.

Apr 30 21:51:59:INFO:install_data:parse() Parsed tuple --> index:0 x:40.00, y:20.00, inc:1

Apr 30 21:51:59:INFO:install_data:parse() Parsed tuple --> index:1 x:30.00, y:26.00, inc:0

Apr 30 21:51:59:INFO:install_data:parse() Parsed tuple --> index:3 x:15.40, y:0.00, inc:3

Apr 30 21:51:59:INFO:install_data:parse() Parsed tuple --> index:2 x:0.00, y:4.00, inc:2

Apr 30 21:51:59:INFO:install_data:parse() Parsed tuple --> index:1 x:0.00, y:0.00, inc:-1

Apr 30 21:51:59:INFO:install_data:parse() Parsed tuple --> index:3 x:0.00, y:0.00, inc:-1

Apr 30 21:51:59:INFO:install_data:parse() Parsed tuple --> index:2 x:0.00, y:0.00, inc:-1

Apr 30 21:51:59:INFO:install_data:parse() Parsed tuple --> index:0 x:0.00, y:0.00, inc:-1

Apr 30 21:51:59:INFO:install_data:parse() Parsed tuple --> index:19 x:99.00, y:-10.00, inc:2

Apr 30 21:51:59:INFO:install_data:parse() Parsed tuple --> index:18 x:-15.00, y:-2.50, inc:1

Apr 30 21:51:59:INFO:install_data:parse() Parsed tuple --> index:20 x:5.00, y:4.00, inc:4

Apr 30 21:51:59:WARNING:install_data:parse() Index of '20' out of range (0-19). Not installing.

Apr 30 21:51:59:INFO:install_data:parse() Parsed tuple --> index:2 x:0.00, y:4.00, inc:2

Apr 30 21:51:59:WARNING:install_data:install() Skipping empty lines.

Apr 30 21:51:59:INFO:install_data:parse() Parsed tuple --> index:0 x:40.00, y:20.00, inc:1

Apr 30 21:51:59:INFO:install_data:parse() Parsed tuple --> index:1 x:30.00, y:26.00, inc:0

Apr 30 21:51:59:INFO:install_data:parse() Parsed tuple --> index:3 x:15.40, y:0.00, inc:3

Apr 30 21:51:59:INFO:install_data:parse() Parsed tuple --> index:2 x:0.00, y:4.00, inc:2

Apr 30 21:51:59:INFO:install_data:parse() Parsed tuple --> index:1 x:0.00, y:0.00, inc:-1

Apr 30 21:51:59:INFO:install_data:parse() Parsed tuple --> index:3 x:0.00, y:0.00, inc:-1

Apr 30 21:51:59:INFO:install_data:parse() Parsed tuple --> index:2 x:0.00, y:0.00, inc:-1

Apr 30 21:51:59:INFO:install_data:parse() Parsed tuple --> index:0 x:0.00, y:0.00, inc:-1

Apr 30 21:51:59:INFO:install_data:parse() Parsed tuple --> index:19 x:99.00, y:-10.00, inc:2

Apr 30 21:51:59:INFO:install_data:parse() Parsed tuple --> index:18 x:-15.00, y:-2.50, inc:1

Apr 30 21:51:59:INFO:install_data:parse() Parsed tuple --> index:20 x:5.00, y:4.00, inc:4

Apr 30 21:51:59:WARNING:install_data:parse() Index of '20' out of range (0-19). Not installing.

Apr 30 21:51:59:INFO:install_data:parse() Parsed tuple --> index:2 x:0.00, y:4.00, inc:2

Apr 30 21:51:59:WARNING:install_data:install() Skipping empty lines.

Apr 30 21:51:59:INFO:install_data:install() tuple_inc -> 1
Apr 30 21:51:59:INFO:install_data:install() Increment time is non-negative. Installing in 1 secs

Apr 30 21:52:00:INFO:install_data:install() Installed block --> [2](x, y, is_valid): 0.00, 4.00, 1

Apr 30 21:52:00:WARNING:install_data:main() destructor reports memory freed. All done!
Apr 30 21:52:00:INFO:install_data:main() END

Apr 30 21:52:00:INFO:install_data:install() Installed block --> [0](x, y, is_valid): 40.00, 20.00, 1

Apr 30 21:52:00:INFO:install_data:install() tuple_inc -> 0
Apr 30 21:52:00:INFO:install_data:install() Increment time is non-negative. Installing in 0 secs

Apr 30 21:52:00:INFO:install_data:install() Installed block --> [1](x, y, is_valid): 30.00, 26.00, 1

Apr 30 21:52:00:INFO:install_data:install() tuple_inc -> 3
Apr 30 21:52:00:INFO:install_data:install() Increment time is non-negative. Installing in 3 secs

Apr 30 21:52:03:INFO:install_data:install() Installed block --> [3](x, y, is_valid): 15.40, 0.00, 1

Apr 30 21:52:03:INFO:install_data:install() tuple_inc -> 2
Apr 30 21:52:03:INFO:install_data:install() Increment time is non-negative. Installing in 2 secs

Apr 30 21:52:05:INFO:install_data:install() Installed block --> [2](x, y, is_valid): 0.00, 4.00, 1

Apr 30 21:52:05:INFO:install_data:install() tuple_inc -> -1
Apr 30 21:52:05:INFO:install_data:install() Increment time is negative (invalid). Sleeping for 1 secs

Apr 30 21:52:06:INFO:install_data:install() Did not install block (invalid). Set is_valid to 0 at [1]

Apr 30 21:52:06:INFO:install_data:install() tuple_inc -> -1
Apr 30 21:52:06:INFO:install_data:install() Increment time is negative (invalid). Sleeping for 1 secs

Apr 30 21:52:07:INFO:install_data:install() Did not install block (invalid). Set is_valid to 0 at [3]

Apr 30 21:52:07:INFO:install_data:install() tuple_inc -> -1
Apr 30 21:52:07:INFO:install_data:install() Increment time is negative (invalid). Sleeping for 1 secs

Apr 30 21:52:08:INFO:install_data:install() Did not install block (invalid). Set is_valid to 0 at [2]

Apr 30 21:52:08:INFO:install_data:install() tuple_inc -> -1
Apr 30 21:52:08:INFO:install_data:install() Increment time is negative (invalid). Sleeping for 1 secs

Apr 30 21:52:09:INFO:install_data:install() Did not install block (invalid). Set is_valid to 0 at [0]

Apr 30 21:52:09:INFO:install_data:install() tuple_inc -> 2
Apr 30 21:52:09:INFO:install_data:install() Increment time is non-negative. Installing in 2 secs

Apr 30 21:52:11:INFO:install_data:install() Installed block --> [19](x, y, is_valid): 99.00, -10.00, 1

Apr 30 21:52:11:INFO:install_data:install() tuple_inc -> 1
Apr 30 21:52:11:INFO:install_data:install() Increment time is non-negative. Installing in 1 secs

Apr 30 21:52:12:INFO:install_data:sigtermhandle() Caught SIGTERM - Deleting all shared memory and exiting.
Apr 30 21:56:58:INFO:install_data:main() BEGIN

Apr 30 21:56:58:INFO:install_data:registersighandle() Signal with code '15' is registered.
Apr 30 21:56:58:INFO:install_data:registersighandle() Signal with code '1' is registered.
Apr 30 21:56:58:INFO:install_data:ingest() Allocating 240 bytes of shared memory.

Apr 30 21:56:58:INFO:install_data:ingest() Connecting to shared memory using key 26649
Apr 30 21:56:58:INFO:install_data:ingest() Clearing current bytes (setting to zeros).

Apr 30 21:56:58:INFO:install_data:ingest() Ingesting 'ultraultratest.in' into memory block.

Apr 30 21:56:58:INFO:install_data:parse() Parsed tuple --> index:0 x:40.00, y:20.00, inc:1

Apr 30 21:56:58:INFO:install_data:parse() Parsed tuple --> index:1 x:30.00, y:26.00, inc:0

Apr 30 21:56:58:INFO:install_data:parse() Parsed tuple --> index:3 x:15.40, y:0.00, inc:3

Apr 30 21:56:58:INFO:install_data:parse() Parsed tuple --> index:2 x:0.00, y:4.00, inc:2

Apr 30 21:56:58:INFO:install_data:parse() Parsed tuple --> index:1 x:0.00, y:0.00, inc:-1

Apr 30 21:56:58:INFO:install_data:parse() Parsed tuple --> index:3 x:0.00, y:0.00, inc:-1

Apr 30 21:56:58:INFO:install_data:parse() Parsed tuple --> index:2 x:0.00, y:0.00, inc:-1

Apr 30 21:56:58:INFO:install_data:parse() Parsed tuple --> index:0 x:0.00, y:0.00, inc:-1

Apr 30 21:56:58:INFO:install_data:parse() Parsed tuple --> index:19 x:99.00, y:-10.00, inc:2

Apr 30 21:56:58:INFO:install_data:parse() Parsed tuple --> index:18 x:-15.00, y:-2.50, inc:1

Apr 30 21:56:58:INFO:install_data:parse() Parsed tuple --> index:20 x:5.00, y:4.00, inc:4

Apr 30 21:56:58:WARNING:install_data:parse() Index of '20' out of range (0-19). Not installing.

Apr 30 21:56:58:INFO:install_data:parse() Parsed tuple --> index:2 x:0.00, y:4.00, inc:2

Apr 30 21:56:58:WARNING:install_data:install() Skipping empty lines.

Apr 30 21:56:58:INFO:install_data:parse() Parsed tuple --> index:0 x:40.00, y:20.00, inc:1

Apr 30 21:56:58:INFO:install_data:parse() Parsed tuple --> index:1 x:30.00, y:26.00, inc:0

Apr 30 21:56:58:INFO:install_data:parse() Parsed tuple --> index:3 x:15.40, y:0.00, inc:3

Apr 30 21:56:58:INFO:install_data:parse() Parsed tuple --> index:2 x:0.00, y:4.00, inc:2

Apr 30 21:56:58:INFO:install_data:parse() Parsed tuple --> index:1 x:0.00, y:0.00, inc:-1

Apr 30 21:56:58:INFO:install_data:parse() Parsed tuple --> index:3 x:0.00, y:0.00, inc:-1

Apr 30 21:56:58:INFO:install_data:parse() Parsed tuple --> index:2 x:0.00, y:0.00, inc:-1

Apr 30 21:56:58:INFO:install_data:parse() Parsed tuple --> index:0 x:0.00, y:0.00, inc:-1

Apr 30 21:56:58:INFO:install_data:parse() Parsed tuple --> index:19 x:99.00, y:-10.00, inc:2

Apr 30 21:56:58:INFO:install_data:parse() Parsed tuple --> index:18 x:-15.00, y:-2.50, inc:1

Apr 30 21:56:58:INFO:install_data:parse() Parsed tuple --> index:20 x:5.00, y:4.00, inc:4

Apr 30 21:56:58:WARNING:install_data:parse() Index of '20' out of range (0-19). Not installing.

Apr 30 21:56:58:INFO:install_data:parse() Parsed tuple --> index:2 x:0.00, y:4.00, inc:2

Apr 30 21:56:58:WARNING:install_data:install() Skipping empty lines.

Apr 30 21:56:58:INFO:install_data:install() tuple_inc -> 1
Apr 30 21:56:58:INFO:install_data:install() Increment time is non-negative. Installing in 1 secs

Apr 30 21:56:59:INFO:install_data:install() Installed block --> [0](x, y, is_valid): 40.00, 20.00, 1

Apr 30 21:56:59:INFO:install_data:install() tuple_inc -> 0
Apr 30 21:56:59:INFO:install_data:install() Increment time is non-negative. Installing in 0 secs

Apr 30 21:56:59:INFO:install_data:install() Installed block --> [1](x, y, is_valid): 30.00, 26.00, 1

Apr 30 21:56:59:INFO:install_data:install() tuple_inc -> 3
Apr 30 21:56:59:INFO:install_data:install() Increment time is non-negative. Installing in 3 secs

Apr 30 21:57:02:INFO:install_data:install() Installed block --> [3](x, y, is_valid): 15.40, 0.00, 1

Apr 30 21:57:02:INFO:install_data:install() tuple_inc -> 2
Apr 30 21:57:02:INFO:install_data:install() Increment time is non-negative. Installing in 2 secs

Apr 30 21:57:04:INFO:install_data:install() Installed block --> [2](x, y, is_valid): 0.00, 4.00, 1

Apr 30 21:57:04:INFO:install_data:install() tuple_inc -> -1
Apr 30 21:57:04:INFO:install_data:install() Increment time is negative (invalid). Sleeping for 1 secs

Apr 30 21:57:05:INFO:install_data:install() Did not install block (invalid). Set is_valid to 0 at [1]

Apr 30 21:57:05:INFO:install_data:install() tuple_inc -> -1
Apr 30 21:57:05:INFO:install_data:install() Increment time is negative (invalid). Sleeping for 1 secs

Apr 30 21:57:06:INFO:install_data:install() Did not install block (invalid). Set is_valid to 0 at [3]

Apr 30 21:57:06:INFO:install_data:install() tuple_inc -> -1
Apr 30 21:57:06:INFO:install_data:install() Increment time is negative (invalid). Sleeping for 1 secs

Apr 30 21:57:07:INFO:install_data:install() Did not install block (invalid). Set is_valid to 0 at [2]

Apr 30 21:57:07:INFO:install_data:install() tuple_inc -> -1
Apr 30 21:57:07:INFO:install_data:install() Increment time is negative (invalid). Sleeping for 1 secs

Apr 30 21:57:08:INFO:install_data:install() Did not install block (invalid). Set is_valid to 0 at [0]

Apr 30 21:57:08:INFO:install_data:install() tuple_inc -> 2
Apr 30 21:57:08:INFO:install_data:install() Increment time is non-negative. Installing in 2 secs

Apr 30 21:57:10:INFO:install_data:install() Installed block --> [19](x, y, is_valid): 99.00, -10.00, 1

Apr 30 21:57:10:INFO:install_data:install() tuple_inc -> 1
Apr 30 21:57:10:INFO:install_data:install() Increment time is non-negative. Installing in 1 secs

Apr 30 21:57:11:INFO:install_data:sighuphandle() Caught SIGHUP - Re-establishing shared memory
Apr 30 21:57:11:INFO:install_data:sighuphandle() Allocating 240 bytes of shared memory.

Apr 30 21:57:11:INFO:install_data:sighuphandle() Connecting to shared memory using key 26649
Apr 30 21:57:11:INFO:install_data:sighuphandle() Clearing current bytes (setting to zeros).

Apr 30 21:57:11:INFO:install_data:install() Installed block --> [18](x, y, is_valid): -15.00, -2.50, 1

Apr 30 21:57:11:INFO:install_data:install() tuple_inc -> 2
Apr 30 21:57:11:INFO:install_data:install() Increment time is non-negative. Installing in 2 secs

Apr 30 21:57:13:INFO:install_data:install() Installed block --> [2](x, y, is_valid): 0.00, 4.00, 1

Apr 30 21:57:13:INFO:install_data:install() tuple_inc -> 1
Apr 30 21:57:13:INFO:install_data:install() Increment time is non-negative. Installing in 1 secs

Apr 30 21:57:14:INFO:install_data:install() Installed block --> [0](x, y, is_valid): 40.00, 20.00, 1

Apr 30 21:57:14:INFO:install_data:install() tuple_inc -> 0
Apr 30 21:57:14:INFO:install_data:install() Increment time is non-negative. Installing in 0 secs

Apr 30 21:57:14:INFO:install_data:install() Installed block --> [1](x, y, is_valid): 30.00, 26.00, 1

Apr 30 21:57:14:INFO:install_data:install() tuple_inc -> 3
Apr 30 21:57:14:INFO:install_data:install() Increment time is non-negative. Installing in 3 secs

Apr 30 21:57:17:INFO:install_data:install() Installed block --> [3](x, y, is_valid): 15.40, 0.00, 1

Apr 30 21:57:17:INFO:install_data:install() tuple_inc -> 2
Apr 30 21:57:17:INFO:install_data:install() Increment time is non-negative. Installing in 2 secs

Apr 30 21:57:19:INFO:install_data:install() Installed block --> [2](x, y, is_valid): 0.00, 4.00, 1

Apr 30 21:57:19:INFO:install_data:install() tuple_inc -> -1
Apr 30 21:57:19:INFO:install_data:install() Increment time is negative (invalid). Sleeping for 1 secs

Apr 30 21:57:20:INFO:install_data:install() Did not install block (invalid). Set is_valid to 0 at [1]

Apr 30 21:57:20:INFO:install_data:install() tuple_inc -> -1
Apr 30 21:57:20:INFO:install_data:install() Increment time is negative (invalid). Sleeping for 1 secs

Apr 30 21:57:21:INFO:install_data:install() Did not install block (invalid). Set is_valid to 0 at [3]

Apr 30 21:57:21:INFO:install_data:install() tuple_inc -> -1
Apr 30 21:57:21:INFO:install_data:install() Increment time is negative (invalid). Sleeping for 1 secs

Apr 30 21:57:22:INFO:install_data:install() Did not install block (invalid). Set is_valid to 0 at [2]

Apr 30 21:57:22:INFO:install_data:install() tuple_inc -> -1
Apr 30 21:57:22:INFO:install_data:install() Increment time is negative (invalid). Sleeping for 1 secs

Apr 30 21:57:23:INFO:install_data:install() Did not install block (invalid). Set is_valid to 0 at [0]

Apr 30 21:57:23:INFO:install_data:install() tuple_inc -> 2
Apr 30 21:57:23:INFO:install_data:install() Increment time is non-negative. Installing in 2 secs

Apr 30 21:57:25:INFO:install_data:install() Installed block --> [19](x, y, is_valid): 99.00, -10.00, 1

Apr 30 21:57:25:INFO:install_data:install() tuple_inc -> 1
Apr 30 21:57:25:INFO:install_data:install() Increment time is non-negative. Installing in 1 secs

Apr 30 21:57:25:INFO:install_data:sighuphandle() Caught SIGHUP - Re-establishing shared memory
Apr 30 21:57:25:INFO:install_data:sighuphandle() Allocating 240 bytes of shared memory.

Apr 30 21:57:25:INFO:install_data:sighuphandle() Connecting to shared memory using key 26649
Apr 30 21:57:25:INFO:install_data:sighuphandle() Clearing current bytes (setting to zeros).

Apr 30 21:57:25:INFO:install_data:install() Installed block --> [18](x, y, is_valid): -15.00, -2.50, 1

Apr 30 21:57:25:INFO:install_data:install() tuple_inc -> 2
Apr 30 21:57:25:INFO:install_data:install() Increment time is non-negative. Installing in 2 secs

Apr 30 21:57:27:INFO:install_data:install() Installed block --> [2](x, y, is_valid): 0.00, 4.00, 1

